m:\simworlds\dxbase\dxbase\dxut\optional\libs\win32\debug\dxutopt.pch
m:\simworlds\dxbase\dxbase\dxut\optional\libs\win32\debug\dxutopt.pdb
m:\simworlds\dxbase\dxbase\dxut\optional\libs\win32\debug\dxutopt.idb
m:\simworlds\dxbase\dxbase\dxut\optional\libs\win32\debug\dxutres.obj
m:\simworlds\dxbase\dxbase\dxut\optional\libs\win32\debug\sdkmisc.obj
m:\simworlds\dxbase\dxbase\dxut\optional\libs\win32\debug\imeui.obj
m:\simworlds\dxbase\dxbase\dxut\optional\libs\win32\debug\dxutsettingsdlg.obj
m:\simworlds\dxbase\dxbase\dxut\optional\libs\win32\debug\dxutguiime.obj
m:\simworlds\dxbase\dxbase\dxut\optional\libs\win32\debug\dxutgui.obj
m:\simworlds\dxbase\dxbase\dxut\optional\libs\win32\debug\dxutcamera.obj
m:\new folder\simworlds\dxbase\dxbase\dxut\optional\libs\win32\debug\dxutcamera.obj
m:\new folder\simworlds\dxbase\dxbase\dxut\optional\libs\win32\debug\dxutgui.obj
m:\new folder\simworlds\dxbase\dxbase\dxut\optional\libs\win32\debug\dxutguiime.obj
m:\new folder\simworlds\dxbase\dxbase\dxut\optional\libs\win32\debug\dxutres.obj
m:\new folder\simworlds\dxbase\dxbase\dxut\optional\libs\win32\debug\dxutsettingsdlg.obj
m:\new folder\simworlds\dxbase\dxbase\dxut\optional\libs\win32\debug\imeui.obj
m:\new folder\simworlds\dxbase\dxbase\dxut\optional\libs\win32\debug\sdkmisc.obj
m:\new folder\simworlds\dxbase\dxbase\dxut\optional\libs\win32\debug\dxutopt.pch
m:\new folder\simworlds\dxbase\dxbase\dxut\optional\libs\win32\debug\dxutopt.idb
m:\new folder\simworlds\dxbase\dxbase\dxut\optional\libs\win32\debug\dxutopt.pdb
m:\new folder\simworlds\dxbase\dxbase\dxut\optional\..\..\libs\win32\debug\dxutopt.lib
m:\new folder\simworlds\dxbase\dxbase\dxut\optional\libs\win32\debug\dxutopt.tlog\cl.command.1.tlog
m:\new folder\simworlds\dxbase\dxbase\dxut\optional\libs\win32\debug\dxutopt.tlog\cl.read.1.tlog
m:\new folder\simworlds\dxbase\dxbase\dxut\optional\libs\win32\debug\dxutopt.tlog\cl.write.1.tlog
m:\new folder\simworlds\dxbase\dxbase\dxut\optional\libs\win32\debug\dxutopt.tlog\lib-link.read.1.tlog
m:\new folder\simworlds\dxbase\dxbase\dxut\optional\libs\win32\debug\dxutopt.tlog\lib-link.write.1.tlog
m:\new folder\simworlds\dxbase\dxbase\dxut\optional\libs\win32\debug\dxutopt.tlog\lib.command.1.tlog
