m:\simworlds\dxbase\dxbase\debug\grass.dds
m:\simworlds\dxbase\dxbase\debug\white.dds
m:\simworlds\dxbase\dxbase\debug\logo.dds
c:\programdata\nvidia corporation\drs\nvapptimestamps
m:\simworlds\dxbase\dxbase\debug\treasure_chest.cmo
m:\simworlds\dxbase\dxbase\debug\_program files (x86)_microsoft visual studio 12.0_common7_ide_extensions_microsoft_vsgraphics_assets_effects_phong.dgsl.cso
m:\simworlds\dxbase\dxbase\assets\table.fbm\jalka.png
m:\simworlds\dxbase\dxbase\assets\table.fbm\poytalevy.png
m:\simworlds\dxbase\dxbase\debug\table.cmo
m:\simworlds\dxbase\dxbase\debug\_simworlds_dxbase_dxbase_assets_table.fbm_jalka.png.dds
m:\simworlds\dxbase\dxbase\debug\_simworlds_dxbase_dxbase_assets_table.fbm_poytalevy.png.dds
m:\new folder\simworlds\dxbase\dxbase\assets\debug\assets.tlog\imagecontenttask-vsgraphics.4856.read.1.tlog
m:\new folder\simworlds\dxbase\dxbase\assets\debug\assets.tlog\imagecontenttask-vsgraphics.4856.read.2.tlog
m:\new folder\simworlds\dxbase\dxbase\assets\debug\assets.tlog\imagecontenttask-vsgraphics.4856.write.1.tlog
m:\new folder\simworlds\dxbase\dxbase\assets\debug\assets.tlog\imagecontenttask-vsgraphics.4856.write.2.tlog
m:\new folder\simworlds\dxbase\dxbase\assets\debug\assets.tlog\imagecontenttask-vsgraphics.5492.read.1.tlog
m:\new folder\simworlds\dxbase\dxbase\assets\debug\assets.tlog\imagecontenttask-vsgraphics.5492.read.2.tlog
m:\new folder\simworlds\dxbase\dxbase\assets\debug\assets.tlog\imagecontenttask-vsgraphics.5492.write.1.tlog
m:\new folder\simworlds\dxbase\dxbase\assets\debug\assets.tlog\imagecontenttask-vsgraphics.5492.write.2.tlog
m:\new folder\simworlds\dxbase\dxbase\assets\debug\assets.tlog\imagecontenttask-vsgraphics.7700.read.1.tlog
m:\new folder\simworlds\dxbase\dxbase\assets\debug\assets.tlog\imagecontenttask-vsgraphics.7700.read.2.tlog
m:\new folder\simworlds\dxbase\dxbase\assets\debug\assets.tlog\imagecontenttask-vsgraphics.7700.write.1.tlog
m:\new folder\simworlds\dxbase\dxbase\assets\debug\assets.tlog\imagecontenttask-vsgraphics.7700.write.2.tlog
m:\new folder\simworlds\dxbase\dxbase\assets\debug\assets.tlog\imagecontenttask-vsgraphics.8548.read.1.tlog
m:\new folder\simworlds\dxbase\dxbase\assets\debug\assets.tlog\imagecontenttask-vsgraphics.8548.read.2.tlog
m:\new folder\simworlds\dxbase\dxbase\assets\debug\assets.tlog\imagecontenttask-vsgraphics.8548.write.1.tlog
m:\new folder\simworlds\dxbase\dxbase\assets\debug\assets.tlog\imagecontenttask-vsgraphics.8548.write.2.tlog
m:\new folder\simworlds\dxbase\dxbase\assets\debug\assets.tlog\imagecontenttask-vsgraphics.read.1.tlog
m:\new folder\simworlds\dxbase\dxbase\assets\debug\assets.tlog\imagecontenttask-vsgraphics.read.2.tlog
m:\new folder\simworlds\dxbase\dxbase\assets\debug\assets.tlog\imagecontenttask-vsgraphics.write.1.tlog
m:\new folder\simworlds\dxbase\dxbase\assets\debug\assets.tlog\imagecontenttask-vsgraphics.write.2.tlog
m:\new folder\simworlds\dxbase\dxbase\assets\debug\assets.tlog\meshcontenttask-vsgraphics.9744.read.1.tlog
m:\new folder\simworlds\dxbase\dxbase\assets\debug\assets.tlog\meshcontenttask-vsgraphics.9744.read.2.tlog
m:\new folder\simworlds\dxbase\dxbase\assets\debug\assets.tlog\meshcontenttask-vsgraphics.9744.write.1.tlog
m:\new folder\simworlds\dxbase\dxbase\assets\debug\assets.tlog\meshcontenttask-vsgraphics.9744.write.2.tlog
m:\new folder\simworlds\dxbase\dxbase\assets\debug\assets.tlog\meshcontenttask-vsgraphics.read.1.tlog
m:\new folder\simworlds\dxbase\dxbase\assets\debug\assets.tlog\meshcontenttask-vsgraphics.read.2.tlog
m:\new folder\simworlds\dxbase\dxbase\assets\debug\assets.tlog\meshcontenttask-vsgraphics.write.1.tlog
m:\new folder\simworlds\dxbase\dxbase\assets\debug\assets.tlog\meshcontenttask-vsgraphics.write.2.tlog
