m:\simworlds\dxbase\dxbase\bin\desktop_2013\win32\debug\directxtk.pch
m:\simworlds\dxbase\dxbase\bin\desktop_2013\win32\debug\directxtk.pdb
m:\simworlds\dxbase\dxbase\bin\desktop_2013\win32\debug\directxtk.idb
m:\simworlds\dxbase\dxbase\bin\desktop_2013\win32\debug\pch.obj
m:\simworlds\dxbase\dxbase\bin\desktop_2013\win32\debug\dgsleffectfactory.obj
m:\simworlds\dxbase\dxbase\bin\desktop_2013\win32\debug\dualtextureeffect.obj
m:\simworlds\dxbase\dxbase\bin\desktop_2013\win32\debug\binaryreader.obj
m:\simworlds\dxbase\dxbase\bin\desktop_2013\win32\debug\effectcommon.obj
m:\simworlds\dxbase\dxbase\bin\desktop_2013\win32\debug\effectfactory.obj
m:\simworlds\dxbase\dxbase\bin\desktop_2013\win32\debug\environmentmapeffect.obj
m:\simworlds\dxbase\dxbase\bin\desktop_2013\win32\debug\gamepad.obj
m:\simworlds\dxbase\dxbase\bin\desktop_2013\win32\debug\geometricprimitive.obj
m:\simworlds\dxbase\dxbase\bin\desktop_2013\win32\debug\model.obj
m:\simworlds\dxbase\dxbase\bin\desktop_2013\win32\debug\modelloadcmo.obj
m:\simworlds\dxbase\dxbase\bin\desktop_2013\win32\debug\modelloadsdkmesh.obj
m:\simworlds\dxbase\dxbase\bin\desktop_2013\win32\debug\modelloadvbo.obj
m:\simworlds\dxbase\dxbase\bin\desktop_2013\win32\debug\screengrab.obj
m:\simworlds\dxbase\dxbase\bin\desktop_2013\win32\debug\simplemath.obj
m:\simworlds\dxbase\dxbase\bin\desktop_2013\win32\debug\skinnedeffect.obj
m:\simworlds\dxbase\dxbase\bin\desktop_2013\win32\debug\spritebatch.obj
m:\simworlds\dxbase\dxbase\bin\desktop_2013\win32\debug\primitivebatch.obj
m:\simworlds\dxbase\dxbase\bin\desktop_2013\win32\debug\spritefont.obj
m:\simworlds\dxbase\dxbase\bin\desktop_2013\win32\debug\vertextypes.obj
m:\simworlds\dxbase\dxbase\bin\desktop_2013\win32\debug\wictextureloader.obj
m:\simworlds\dxbase\dxbase\bin\desktop_2013\win32\debug\alphatesteffect.obj
m:\simworlds\dxbase\dxbase\bin\desktop_2013\win32\debug\basiceffect.obj
m:\simworlds\dxbase\dxbase\bin\desktop_2013\win32\debug\commonstates.obj
m:\simworlds\dxbase\dxbase\bin\desktop_2013\win32\debug\ddstextureloader.obj
m:\simworlds\dxbase\dxbase\bin\desktop_2013\win32\debug\dgsleffect.obj
m:\simworlds\dxbase\dxbase\bin\desktop_2013\win32\debug\directxtk.lib
m:\new folder\simworlds\dxbase\dxbase\bin\desktop_2013\win32\debug\alphatesteffect.obj
m:\new folder\simworlds\dxbase\dxbase\bin\desktop_2013\win32\debug\basiceffect.obj
m:\new folder\simworlds\dxbase\dxbase\bin\desktop_2013\win32\debug\binaryreader.obj
m:\new folder\simworlds\dxbase\dxbase\bin\desktop_2013\win32\debug\commonstates.obj
m:\new folder\simworlds\dxbase\dxbase\bin\desktop_2013\win32\debug\ddstextureloader.obj
m:\new folder\simworlds\dxbase\dxbase\bin\desktop_2013\win32\debug\dgsleffect.obj
m:\new folder\simworlds\dxbase\dxbase\bin\desktop_2013\win32\debug\dgsleffectfactory.obj
m:\new folder\simworlds\dxbase\dxbase\bin\desktop_2013\win32\debug\dualtextureeffect.obj
m:\new folder\simworlds\dxbase\dxbase\bin\desktop_2013\win32\debug\effectcommon.obj
m:\new folder\simworlds\dxbase\dxbase\bin\desktop_2013\win32\debug\effectfactory.obj
m:\new folder\simworlds\dxbase\dxbase\bin\desktop_2013\win32\debug\environmentmapeffect.obj
m:\new folder\simworlds\dxbase\dxbase\bin\desktop_2013\win32\debug\gamepad.obj
m:\new folder\simworlds\dxbase\dxbase\bin\desktop_2013\win32\debug\geometricprimitive.obj
m:\new folder\simworlds\dxbase\dxbase\bin\desktop_2013\win32\debug\model.obj
m:\new folder\simworlds\dxbase\dxbase\bin\desktop_2013\win32\debug\modelloadcmo.obj
m:\new folder\simworlds\dxbase\dxbase\bin\desktop_2013\win32\debug\modelloadsdkmesh.obj
m:\new folder\simworlds\dxbase\dxbase\bin\desktop_2013\win32\debug\modelloadvbo.obj
m:\new folder\simworlds\dxbase\dxbase\bin\desktop_2013\win32\debug\pch.obj
m:\new folder\simworlds\dxbase\dxbase\bin\desktop_2013\win32\debug\primitivebatch.obj
m:\new folder\simworlds\dxbase\dxbase\bin\desktop_2013\win32\debug\screengrab.obj
m:\new folder\simworlds\dxbase\dxbase\bin\desktop_2013\win32\debug\simplemath.obj
m:\new folder\simworlds\dxbase\dxbase\bin\desktop_2013\win32\debug\skinnedeffect.obj
m:\new folder\simworlds\dxbase\dxbase\bin\desktop_2013\win32\debug\spritebatch.obj
m:\new folder\simworlds\dxbase\dxbase\bin\desktop_2013\win32\debug\spritefont.obj
m:\new folder\simworlds\dxbase\dxbase\bin\desktop_2013\win32\debug\vertextypes.obj
m:\new folder\simworlds\dxbase\dxbase\bin\desktop_2013\win32\debug\wictextureloader.obj
m:\new folder\simworlds\dxbase\dxbase\bin\desktop_2013\win32\debug\directxtk.pch
m:\new folder\simworlds\dxbase\dxbase\bin\desktop_2013\win32\debug\directxtk.idb
m:\new folder\simworlds\dxbase\dxbase\bin\desktop_2013\win32\debug\directxtk.pdb
m:\new folder\simworlds\dxbase\dxbase\bin\desktop_2013\win32\debug\directxtk.lib
m:\new folder\simworlds\dxbase\dxbase\bin\desktop_2013\win32\debug\directxt.e0b52ae7.tlog\cl.command.1.tlog
m:\new folder\simworlds\dxbase\dxbase\bin\desktop_2013\win32\debug\directxt.e0b52ae7.tlog\cl.read.1.tlog
m:\new folder\simworlds\dxbase\dxbase\bin\desktop_2013\win32\debug\directxt.e0b52ae7.tlog\cl.write.1.tlog
m:\new folder\simworlds\dxbase\dxbase\bin\desktop_2013\win32\debug\directxt.e0b52ae7.tlog\lib-link.read.1.tlog
m:\new folder\simworlds\dxbase\dxbase\bin\desktop_2013\win32\debug\directxt.e0b52ae7.tlog\lib-link.write.1.tlog
m:\new folder\simworlds\dxbase\dxbase\bin\desktop_2013\win32\debug\directxt.e0b52ae7.tlog\lib.command.1.tlog
