m:\simworlds\dxbase\dxbase\dxut\core\libs\win32\debug\dxut.pch
m:\simworlds\dxbase\dxbase\dxut\core\libs\win32\debug\dxut.pdb
m:\simworlds\dxbase\dxbase\dxut\core\libs\win32\debug\dxut.idb
m:\simworlds\dxbase\dxbase\dxut\core\libs\win32\debug\dxut.obj
m:\simworlds\dxbase\dxbase\dxut\core\libs\win32\debug\dxerr.obj
m:\simworlds\dxbase\dxbase\dxut\core\libs\win32\debug\dxutmisc.obj
m:\simworlds\dxbase\dxbase\dxut\core\libs\win32\debug\dxutdevice11.obj
m:\new folder\simworlds\dxbase\dxbase\dxut\core\libs\win32\debug\dxerr.obj
m:\new folder\simworlds\dxbase\dxbase\dxut\core\libs\win32\debug\dxut.obj
m:\new folder\simworlds\dxbase\dxbase\dxut\core\libs\win32\debug\dxutdevice11.obj
m:\new folder\simworlds\dxbase\dxbase\dxut\core\libs\win32\debug\dxutmisc.obj
m:\new folder\simworlds\dxbase\dxbase\dxut\core\libs\win32\debug\dxut.pch
m:\new folder\simworlds\dxbase\dxbase\dxut\core\libs\win32\debug\dxut.idb
m:\new folder\simworlds\dxbase\dxbase\dxut\core\libs\win32\debug\dxut.pdb
m:\new folder\simworlds\dxbase\dxbase\dxut\core\..\..\libs\win32\debug\dxut.lib
m:\new folder\simworlds\dxbase\dxbase\dxut\core\libs\win32\debug\dxut.tlog\cl.command.1.tlog
m:\new folder\simworlds\dxbase\dxbase\dxut\core\libs\win32\debug\dxut.tlog\cl.read.1.tlog
m:\new folder\simworlds\dxbase\dxbase\dxut\core\libs\win32\debug\dxut.tlog\cl.write.1.tlog
m:\new folder\simworlds\dxbase\dxbase\dxut\core\libs\win32\debug\dxut.tlog\lib-link.read.1.tlog
m:\new folder\simworlds\dxbase\dxbase\dxut\core\libs\win32\debug\dxut.tlog\lib-link.write.1.tlog
m:\new folder\simworlds\dxbase\dxbase\dxut\core\libs\win32\debug\dxut.tlog\lib.command.1.tlog
