m:\simworlds\dxbase\dxbase\xwbtool\bin\debug\vc120.pdb
m:\simworlds\dxbase\dxbase\xwbtool\bin\debug\vc120.idb
m:\simworlds\dxbase\dxbase\xwbtool\bin\debug\wavfilereader.obj
m:\simworlds\dxbase\dxbase\xwbtool\bin\debug\xwbtool.obj
m:\simworlds\dxbase\dxbase\xwbtool\bin\debug\xwbtool.ilk
m:\simworlds\dxbase\dxbase\xwbtool\bin\debug\xwbtool.exe
m:\simworlds\dxbase\dxbase\xwbtool\bin\debug\xwbtool.pdb
m:\new folder\simworlds\dxbase\dxbase\xwbtool\bin\debug\wavfilereader.obj
m:\new folder\simworlds\dxbase\dxbase\xwbtool\bin\debug\xwbtool.obj
m:\new folder\simworlds\dxbase\dxbase\xwbtool\bin\debug\xwbtool.ilk
m:\new folder\simworlds\dxbase\dxbase\xwbtool\bin\debug\vc120.idb
m:\new folder\simworlds\dxbase\dxbase\xwbtool\bin\debug\vc120.pdb
m:\new folder\simworlds\dxbase\dxbase\xwbtool\bin\debug\xwbtool.pdb
m:\new folder\simworlds\dxbase\dxbase\xwbtool\bin\debug\xwbtool.exe
m:\new folder\simworlds\dxbase\dxbase\xwbtool\bin\debug\xwbtool_.c7ab4186.tlog\cl.command.1.tlog
m:\new folder\simworlds\dxbase\dxbase\xwbtool\bin\debug\xwbtool_.c7ab4186.tlog\cl.read.1.tlog
m:\new folder\simworlds\dxbase\dxbase\xwbtool\bin\debug\xwbtool_.c7ab4186.tlog\cl.write.1.tlog
m:\new folder\simworlds\dxbase\dxbase\xwbtool\bin\debug\xwbtool_.c7ab4186.tlog\link.command.1.tlog
m:\new folder\simworlds\dxbase\dxbase\xwbtool\bin\debug\xwbtool_.c7ab4186.tlog\link.read.1.tlog
m:\new folder\simworlds\dxbase\dxbase\xwbtool\bin\debug\xwbtool_.c7ab4186.tlog\link.write.1.tlog
