m:\simworlds\dxbase\dxbase\game\debug\vc120.pdb
m:\simworlds\dxbase\dxbase\game\debug\vc120.idb
m:\simworlds\dxbase\dxbase\game\debug\vbgo.obj
m:\simworlds\dxbase\dxbase\game\debug\vbcube.obj
m:\simworlds\dxbase\dxbase\game\debug\tutorial01.obj
m:\simworlds\dxbase\dxbase\game\debug\turret_base.obj
m:\simworlds\dxbase\dxbase\game\debug\tpscamera.obj
m:\simworlds\dxbase\dxbase\game\debug\terrain.obj
m:\simworlds\dxbase\dxbase\game\debug\snail.obj
m:\simworlds\dxbase\dxbase\game\debug\light.obj
m:\simworlds\dxbase\dxbase\game\debug\gameobject2d.obj
m:\simworlds\dxbase\dxbase\game\debug\gameobject.obj
m:\simworlds\dxbase\dxbase\game\debug\game.obj
m:\simworlds\dxbase\dxbase\game\debug\filevbgo.obj
m:\simworlds\dxbase\dxbase\game\debug\cmogo.obj
m:\simworlds\dxbase\dxbase\game\debug\camera.obj
m:\simworlds\dxbase\dxbase\game\debug\boid.obj
m:\simworlds\dxbase\dxbase\game\debug\boidmanager.obj
m:\simworlds\dxbase\dxbase\debug\game.ilk
m:\simworlds\dxbase\dxbase\debug\game.exe
m:\simworlds\dxbase\dxbase\debug\game.pdb
m:\simworlds\dxbase\dxbase\game\debug\tutorial01.res
m:\new folder\simworlds\dxbase\dxbase\game\debug\boid.obj
m:\new folder\simworlds\dxbase\dxbase\game\debug\boidmanager.obj
m:\new folder\simworlds\dxbase\dxbase\game\debug\camera.obj
m:\new folder\simworlds\dxbase\dxbase\game\debug\cmogo.obj
m:\new folder\simworlds\dxbase\dxbase\game\debug\filevbgo.obj
m:\new folder\simworlds\dxbase\dxbase\game\debug\game.obj
m:\new folder\simworlds\dxbase\dxbase\game\debug\gameobject.obj
m:\new folder\simworlds\dxbase\dxbase\game\debug\gameobject2d.obj
m:\new folder\simworlds\dxbase\dxbase\game\debug\light.obj
m:\new folder\simworlds\dxbase\dxbase\game\debug\snail.obj
m:\new folder\simworlds\dxbase\dxbase\game\debug\terrain.obj
m:\new folder\simworlds\dxbase\dxbase\game\debug\tpscamera.obj
m:\new folder\simworlds\dxbase\dxbase\game\debug\turret_base.obj
m:\new folder\simworlds\dxbase\dxbase\game\debug\tutorial01.obj
m:\new folder\simworlds\dxbase\dxbase\game\debug\vbcube.obj
m:\new folder\simworlds\dxbase\dxbase\game\debug\vbgo.obj
m:\new folder\simworlds\dxbase\dxbase\game\debug\tutorial01.res
m:\new folder\simworlds\dxbase\dxbase\game\debug\vc120.idb
m:\new folder\simworlds\dxbase\dxbase\game\debug\vc120.pdb
m:\new folder\simworlds\dxbase\dxbase\debug\game.pdb
m:\new folder\simworlds\dxbase\dxbase\debug\game.exe
m:\new folder\simworlds\dxbase\dxbase\debug\game.ilk
m:\new folder\simworlds\dxbase\dxbase\game\debug\game.tlog\cl.command.1.tlog
m:\new folder\simworlds\dxbase\dxbase\game\debug\game.tlog\cl.read.1.tlog
m:\new folder\simworlds\dxbase\dxbase\game\debug\game.tlog\cl.write.1.tlog
m:\new folder\simworlds\dxbase\dxbase\game\debug\game.tlog\link.command.1.tlog
m:\new folder\simworlds\dxbase\dxbase\game\debug\game.tlog\link.read.1.tlog
m:\new folder\simworlds\dxbase\dxbase\game\debug\game.tlog\link.write.1.tlog
m:\new folder\simworlds\dxbase\dxbase\game\debug\game.tlog\rc.command.1.tlog
m:\new folder\simworlds\dxbase\dxbase\game\debug\game.tlog\rc.read.1.tlog
m:\new folder\simworlds\dxbase\dxbase\game\debug\game.tlog\rc.write.1.tlog
